2024-05-18 16:12:40 INFO  o.h.validator.internal.util.Version - HV000001: Hibernate Validator 8.0.1.Final
2024-05-18 16:12:40 INFO  c.tobeto.StokwiseBackendApplication - Starting StokwiseBackendApplication using Java 17.0.9 with PID 26888 (C:\Users\oguzh\AppData\Roaming\SPB_Data\git\stokwise-backend-v2\stokwise-backend\target\classes started by oguzh in C:\Users\oguzh\AppData\Roaming\SPB_Data\git\stokwise-backend-v2\stokwise-backend)
2024-05-18 16:12:40 INFO  c.tobeto.StokwiseBackendApplication - No active profile set, falling back to 1 default profile: "default"
2024-05-18 16:12:40 INFO  o.s.b.d.e.DevToolsPropertyDefaultsPostProcessor - Devtools property defaults active! Set 'spring.devtools.add-properties' to 'false' to disable
2024-05-18 16:12:40 INFO  o.s.b.d.e.DevToolsPropertyDefaultsPostProcessor - For additional web related logging consider setting the 'logging.level.web' property to 'DEBUG'
2024-05-18 16:12:40 INFO  o.s.d.r.c.RepositoryConfigurationDelegate - Bootstrapping Spring Data JPA repositories in DEFAULT mode.
2024-05-18 16:12:40 INFO  o.s.d.r.c.RepositoryConfigurationDelegate - Finished Spring Data repository scanning in 55 ms. Found 6 JPA repository interfaces.
2024-05-18 16:12:41 INFO  o.s.b.w.e.tomcat.TomcatWebServer - Tomcat initialized with port 8080 (http)
2024-05-18 16:12:41 INFO  o.a.coyote.http11.Http11NioProtocol - Initializing ProtocolHandler ["http-nio-8080"]
2024-05-18 16:12:41 INFO  o.a.catalina.core.StandardService - Starting service [Tomcat]
2024-05-18 16:12:41 INFO  o.a.catalina.core.StandardEngine - Starting Servlet engine: [Apache Tomcat/10.1.19]
2024-05-18 16:12:41 INFO  o.a.c.c.C.[Tomcat].[localhost].[/] - Initializing Spring embedded WebApplicationContext
2024-05-18 16:12:41 INFO  o.s.b.w.s.c.ServletWebServerApplicationContext - Root WebApplicationContext: initialization completed in 1066 ms
2024-05-18 16:12:41 INFO  o.h.jpa.internal.util.LogHelper - HHH000204: Processing PersistenceUnitInfo [name: default]
2024-05-18 16:12:41 INFO  org.hibernate.Version - HHH000412: Hibernate ORM core version 6.4.4.Final
2024-05-18 16:12:41 INFO  o.h.c.i.RegionFactoryInitiator - HHH000026: Second-level cache disabled
2024-05-18 16:12:41 INFO  o.s.o.j.p.SpringPersistenceUnitInfo - No LoadTimeWeaver setup: ignoring JPA class transformer
2024-05-18 16:12:41 INFO  com.zaxxer.hikari.HikariDataSource - HikariPool-1 - Starting...
2024-05-18 16:12:41 INFO  com.zaxxer.hikari.pool.HikariPool - HikariPool-1 - Added connection com.mysql.cj.jdbc.ConnectionImpl@758348bd
2024-05-18 16:12:41 INFO  com.zaxxer.hikari.HikariDataSource - HikariPool-1 - Start completed.
2024-05-18 16:12:41 WARN  org.hibernate.orm.deprecation - HHH90000025: MySQLDialect does not need to be specified explicitly using 'hibernate.dialect' (remove the property setting and it will be selected by default)
2024-05-18 16:12:42 INFO  o.h.e.t.j.p.i.JtaPlatformInitiator - HHH000489: No JTA platform available (set 'hibernate.transaction.jta.platform' to enable JTA platform integration)
2024-05-18 16:12:42 INFO  o.s.o.j.LocalContainerEntityManagerFactoryBean - Initialized JPA EntityManagerFactory for persistence unit 'default'
2024-05-18 16:12:42 INFO  o.s.d.j.r.query.QueryEnhancerFactory - Hibernate is in classpath; If applicable, HQL parser will be used.
2024-05-18 16:12:43 WARN  o.s.b.a.o.j.JpaBaseConfiguration$JpaWebConfiguration - spring.jpa.open-in-view is enabled by default. Therefore, database queries may be performed during view rendering. Explicitly configure spring.jpa.open-in-view to disable this warning
2024-05-18 16:12:43 WARN  o.s.b.a.s.s.UserDetailsServiceAutoConfiguration - 

Using generated security password: d28b9141-ff41-4b9d-98db-87fdead36b26

This generated password is for development use only. Your security configuration must be updated before running your application in production.

2024-05-18 16:12:43 INFO  o.s.s.web.DefaultSecurityFilterChain - Will secure any request with [org.springframework.security.web.session.DisableEncodeUrlFilter@e66d61e, org.springframework.security.web.context.request.async.WebAsyncManagerIntegrationFilter@208741e3, org.springframework.security.web.context.SecurityContextHolderFilter@3d5d81bb, org.springframework.security.web.header.HeaderWriterFilter@3b6d0466, org.springframework.web.filter.CorsFilter@59b38c1a, org.springframework.security.web.authentication.logout.LogoutFilter@1cbab7b7, com.tobeto.filter.JwtAuthorizationFilter@249385ff, org.springframework.security.web.savedrequest.RequestCacheAwareFilter@5802d59a, org.springframework.security.web.servletapi.SecurityContextHolderAwareRequestFilter@107d0da, org.springframework.security.web.authentication.AnonymousAuthenticationFilter@34c5cac6, org.springframework.security.web.session.SessionManagementFilter@110b0bc7, org.springframework.security.web.access.ExceptionTranslationFilter@6ae78f69, org.springframework.security.web.access.intercept.AuthorizationFilter@2e0009f8]
2024-05-18 16:12:43 INFO  o.s.b.d.a.OptionalLiveReloadServer - LiveReload server is running on port 35729
2024-05-18 16:12:43 INFO  o.a.coyote.http11.Http11NioProtocol - Starting ProtocolHandler ["http-nio-8080"]
2024-05-18 16:12:43 INFO  o.s.b.w.e.tomcat.TomcatWebServer - Tomcat started on port 8080 (http) with context path ''
2024-05-18 16:12:43 INFO  c.tobeto.StokwiseBackendApplication - Started StokwiseBackendApplication in 4.104 seconds (process running for 4.682)
2024-05-18 16:14:13 INFO  o.a.c.c.C.[Tomcat].[localhost].[/] - Initializing Spring DispatcherServlet 'dispatcherServlet'
2024-05-18 16:14:13 INFO  o.s.web.servlet.DispatcherServlet - Initializing Servlet 'dispatcherServlet'
2024-05-18 16:14:13 INFO  o.s.web.servlet.DispatcherServlet - Completed initialization in 1 ms
2024-05-18 16:14:57 INFO  com.tobeto.service.ProductService - Product added: DUT by user: nazli@stokwise.com
2024-05-18 16:25:22 INFO  o.s.b.a.SpringApplicationAdminMXBeanRegistrar$SpringApplicationAdmin - Application shutdown requested.
2024-05-18 16:25:22 INFO  o.a.coyote.http11.Http11NioProtocol - Stopping ProtocolHandler ["http-nio-8080"]
2024-05-18 16:25:22 INFO  o.s.o.j.LocalContainerEntityManagerFactoryBean - Closing JPA EntityManagerFactory for persistence unit 'default'
2024-05-18 16:25:22 INFO  com.zaxxer.hikari.HikariDataSource - HikariPool-1 - Shutdown initiated...
2024-05-18 16:25:22 INFO  com.zaxxer.hikari.HikariDataSource - HikariPool-1 - Shutdown completed.
2024-05-18 16:28:27 INFO  c.tobeto.StokwiseBackendApplication - Starting StokwiseBackendApplication using Java 17.0.9 with PID 26740 (C:\Users\oguzh\AppData\Roaming\SPB_Data\git\stokwise-backend-v2\stokwise-backend\target\classes started by oguzh in C:\Users\oguzh\AppData\Roaming\SPB_Data\git\stokwise-backend-v2\stokwise-backend)
2024-05-18 16:28:27 INFO  c.tobeto.StokwiseBackendApplication - No active profile set, falling back to 1 default profile: "default"
2024-05-18 16:28:27 INFO  o.s.d.r.c.RepositoryConfigurationDelegate - Bootstrapping Spring Data JPA repositories in DEFAULT mode.
2024-05-18 16:28:27 INFO  o.s.d.r.c.RepositoryConfigurationDelegate - Finished Spring Data repository scanning in 15 ms. Found 6 JPA repository interfaces.
2024-05-18 16:28:27 INFO  o.s.b.w.e.tomcat.TomcatWebServer - Tomcat initialized with port 8080 (http)
2024-05-18 16:28:27 INFO  o.a.coyote.http11.Http11NioProtocol - Initializing ProtocolHandler ["http-nio-8080"]
2024-05-18 16:28:27 INFO  o.a.catalina.core.StandardService - Starting service [Tomcat]
2024-05-18 16:28:27 INFO  o.a.catalina.core.StandardEngine - Starting Servlet engine: [Apache Tomcat/10.1.19]
2024-05-18 16:28:27 INFO  o.a.c.c.C.[Tomcat].[localhost].[/] - Initializing Spring embedded WebApplicationContext
2024-05-18 16:28:27 INFO  o.s.b.w.s.c.ServletWebServerApplicationContext - Root WebApplicationContext: initialization completed in 275 ms
2024-05-18 16:28:27 INFO  o.h.jpa.internal.util.LogHelper - HHH000204: Processing PersistenceUnitInfo [name: default]
2024-05-18 16:28:27 INFO  o.h.c.i.RegionFactoryInitiator - HHH000026: Second-level cache disabled
2024-05-18 16:28:27 INFO  o.s.o.j.p.SpringPersistenceUnitInfo - No LoadTimeWeaver setup: ignoring JPA class transformer
2024-05-18 16:28:27 INFO  com.zaxxer.hikari.HikariDataSource - HikariPool-2 - Starting...
2024-05-18 16:28:27 INFO  com.zaxxer.hikari.pool.HikariPool - HikariPool-2 - Added connection com.mysql.cj.jdbc.ConnectionImpl@1d59ab9f
2024-05-18 16:28:27 INFO  com.zaxxer.hikari.HikariDataSource - HikariPool-2 - Start completed.
2024-05-18 16:28:27 WARN  org.hibernate.orm.deprecation - HHH90000025: MySQLDialect does not need to be specified explicitly using 'hibernate.dialect' (remove the property setting and it will be selected by default)
2024-05-18 16:28:27 INFO  o.h.e.t.j.p.i.JtaPlatformInitiator - HHH000489: No JTA platform available (set 'hibernate.transaction.jta.platform' to enable JTA platform integration)
2024-05-18 16:28:27 INFO  o.s.o.j.LocalContainerEntityManagerFactoryBean - Initialized JPA EntityManagerFactory for persistence unit 'default'
2024-05-18 16:28:28 WARN  o.s.b.a.o.j.JpaBaseConfiguration$JpaWebConfiguration - spring.jpa.open-in-view is enabled by default. Therefore, database queries may be performed during view rendering. Explicitly configure spring.jpa.open-in-view to disable this warning
2024-05-18 16:28:28 WARN  o.s.b.a.s.s.UserDetailsServiceAutoConfiguration - 

Using generated security password: a4ba1e31-906a-4b2a-b690-6a6570c9ca98

This generated password is for development use only. Your security configuration must be updated before running your application in production.

2024-05-18 16:28:28 INFO  o.s.s.web.DefaultSecurityFilterChain - Will secure any request with [org.springframework.security.web.session.DisableEncodeUrlFilter@61be4636, org.springframework.security.web.context.request.async.WebAsyncManagerIntegrationFilter@10428a34, org.springframework.security.web.context.SecurityContextHolderFilter@6f5c3018, org.springframework.security.web.header.HeaderWriterFilter@3f24ca7b, org.springframework.web.filter.CorsFilter@76e578fa, org.springframework.security.web.authentication.logout.LogoutFilter@65e29de8, com.tobeto.filter.JwtAuthorizationFilter@3a9b3c4f, org.springframework.security.web.savedrequest.RequestCacheAwareFilter@4e23b310, org.springframework.security.web.servletapi.SecurityContextHolderAwareRequestFilter@574ddfbd, org.springframework.security.web.authentication.AnonymousAuthenticationFilter@65345c62, org.springframework.security.web.session.SessionManagementFilter@1385e88a, org.springframework.security.web.access.ExceptionTranslationFilter@7b1b58a3, org.springframework.security.web.access.intercept.AuthorizationFilter@f83983c]
2024-05-18 16:28:28 INFO  o.s.b.d.a.OptionalLiveReloadServer - LiveReload server is running on port 35729
2024-05-18 16:28:28 INFO  o.a.coyote.http11.Http11NioProtocol - Starting ProtocolHandler ["http-nio-8080"]
2024-05-18 16:28:28 INFO  o.s.b.w.e.tomcat.TomcatWebServer - Tomcat started on port 8080 (http) with context path ''
2024-05-18 16:28:28 INFO  c.tobeto.StokwiseBackendApplication - Started StokwiseBackendApplication in 0.786 seconds (process running for 141.545)
2024-05-18 16:28:28 INFO  o.s.b.d.a.ConditionEvaluationDeltaLoggingListener - Condition evaluation unchanged
2024-05-18 16:28:36 INFO  o.s.b.a.SpringApplicationAdminMXBeanRegistrar$SpringApplicationAdmin - Application shutdown requested.
2024-05-18 16:28:36 INFO  o.a.coyote.http11.Http11NioProtocol - Stopping ProtocolHandler ["http-nio-8080"]
2024-05-18 16:28:36 INFO  o.s.o.j.LocalContainerEntityManagerFactoryBean - Closing JPA EntityManagerFactory for persistence unit 'default'
2024-05-18 16:28:36 INFO  com.zaxxer.hikari.HikariDataSource - HikariPool-2 - Shutdown initiated...
2024-05-18 16:28:36 INFO  com.zaxxer.hikari.HikariDataSource - HikariPool-2 - Shutdown completed.
2024-05-18 16:28:51 INFO  o.h.validator.internal.util.Version - HV000001: Hibernate Validator 8.0.1.Final
2024-05-18 16:28:51 INFO  c.tobeto.StokwiseBackendApplication - Starting StokwiseBackendApplication using Java 17.0.9 with PID 12620 (C:\Users\oguzh\AppData\Roaming\SPB_Data\git\stokwise-backend-v2\stokwise-backend\target\classes started by oguzh in C:\Users\oguzh\AppData\Roaming\SPB_Data\git\stokwise-backend-v2\stokwise-backend)
2024-05-18 16:28:51 INFO  c.tobeto.StokwiseBackendApplication - No active profile set, falling back to 1 default profile: "default"
2024-05-18 16:28:51 INFO  o.s.b.d.e.DevToolsPropertyDefaultsPostProcessor - Devtools property defaults active! Set 'spring.devtools.add-properties' to 'false' to disable
2024-05-18 16:28:51 INFO  o.s.b.d.e.DevToolsPropertyDefaultsPostProcessor - For additional web related logging consider setting the 'logging.level.web' property to 'DEBUG'
2024-05-18 16:28:52 INFO  o.s.d.r.c.RepositoryConfigurationDelegate - Bootstrapping Spring Data JPA repositories in DEFAULT mode.
2024-05-18 16:28:52 INFO  o.s.d.r.c.RepositoryConfigurationDelegate - Finished Spring Data repository scanning in 59 ms. Found 6 JPA repository interfaces.
2024-05-18 16:28:53 INFO  o.s.b.w.e.tomcat.TomcatWebServer - Tomcat initialized with port 8080 (http)
2024-05-18 16:28:53 INFO  o.a.coyote.http11.Http11NioProtocol - Initializing ProtocolHandler ["http-nio-8080"]
2024-05-18 16:28:53 INFO  o.a.catalina.core.StandardService - Starting service [Tomcat]
2024-05-18 16:28:53 INFO  o.a.catalina.core.StandardEngine - Starting Servlet engine: [Apache Tomcat/10.1.19]
2024-05-18 16:28:53 INFO  o.a.c.c.C.[Tomcat].[localhost].[/] - Initializing Spring embedded WebApplicationContext
2024-05-18 16:28:53 INFO  o.s.b.w.s.c.ServletWebServerApplicationContext - Root WebApplicationContext: initialization completed in 1129 ms
2024-05-18 16:28:53 INFO  o.h.jpa.internal.util.LogHelper - HHH000204: Processing PersistenceUnitInfo [name: default]
2024-05-18 16:28:53 INFO  org.hibernate.Version - HHH000412: Hibernate ORM core version 6.4.4.Final
2024-05-18 16:28:53 INFO  o.h.c.i.RegionFactoryInitiator - HHH000026: Second-level cache disabled
2024-05-18 16:28:53 INFO  o.s.o.j.p.SpringPersistenceUnitInfo - No LoadTimeWeaver setup: ignoring JPA class transformer
2024-05-18 16:28:53 INFO  com.zaxxer.hikari.HikariDataSource - HikariPool-1 - Starting...
2024-05-18 16:28:53 INFO  com.zaxxer.hikari.pool.HikariPool - HikariPool-1 - Added connection com.mysql.cj.jdbc.ConnectionImpl@2ee70f39
2024-05-18 16:28:53 INFO  com.zaxxer.hikari.HikariDataSource - HikariPool-1 - Start completed.
2024-05-18 16:28:53 WARN  org.hibernate.orm.deprecation - HHH90000025: MySQLDialect does not need to be specified explicitly using 'hibernate.dialect' (remove the property setting and it will be selected by default)
2024-05-18 16:28:54 INFO  o.h.e.t.j.p.i.JtaPlatformInitiator - HHH000489: No JTA platform available (set 'hibernate.transaction.jta.platform' to enable JTA platform integration)
2024-05-18 16:28:54 INFO  o.s.o.j.LocalContainerEntityManagerFactoryBean - Initialized JPA EntityManagerFactory for persistence unit 'default'
2024-05-18 16:28:54 INFO  o.s.d.j.r.query.QueryEnhancerFactory - Hibernate is in classpath; If applicable, HQL parser will be used.
2024-05-18 16:28:55 WARN  o.s.b.a.o.j.JpaBaseConfiguration$JpaWebConfiguration - spring.jpa.open-in-view is enabled by default. Therefore, database queries may be performed during view rendering. Explicitly configure spring.jpa.open-in-view to disable this warning
2024-05-18 16:28:55 WARN  o.s.b.a.s.s.UserDetailsServiceAutoConfiguration - 

Using generated security password: b44affef-c7ce-4e9b-a540-a4635e245b3d

This generated password is for development use only. Your security configuration must be updated before running your application in production.

2024-05-18 16:28:55 INFO  o.s.s.web.DefaultSecurityFilterChain - Will secure any request with [org.springframework.security.web.session.DisableEncodeUrlFilter@19aa2c91, org.springframework.security.web.context.request.async.WebAsyncManagerIntegrationFilter@d7e0544, org.springframework.security.web.context.SecurityContextHolderFilter@70b403d1, org.springframework.security.web.header.HeaderWriterFilter@6a09d8bf, org.springframework.web.filter.CorsFilter@3a9b04e7, org.springframework.security.web.authentication.logout.LogoutFilter@1f2c2f97, com.tobeto.filter.JwtAuthorizationFilter@6dceb679, org.springframework.security.web.savedrequest.RequestCacheAwareFilter@3a63c1c3, org.springframework.security.web.servletapi.SecurityContextHolderAwareRequestFilter@2a92549a, org.springframework.security.web.authentication.AnonymousAuthenticationFilter@5b21e5ac, org.springframework.security.web.session.SessionManagementFilter@d66123e, org.springframework.security.web.access.ExceptionTranslationFilter@256e3592, org.springframework.security.web.access.intercept.AuthorizationFilter@3114aa9a]
2024-05-18 16:28:55 INFO  o.s.b.d.a.OptionalLiveReloadServer - LiveReload server is running on port 35729
2024-05-18 16:28:55 INFO  o.a.coyote.http11.Http11NioProtocol - Starting ProtocolHandler ["http-nio-8080"]
2024-05-18 16:28:55 INFO  o.s.b.w.e.tomcat.TomcatWebServer - Tomcat started on port 8080 (http) with context path ''
2024-05-18 16:28:55 INFO  c.tobeto.StokwiseBackendApplication - Started StokwiseBackendApplication in 4.353 seconds (process running for 4.942)
2024-05-18 16:29:00 INFO  o.a.c.c.C.[Tomcat].[localhost].[/] - Initializing Spring DispatcherServlet 'dispatcherServlet'
2024-05-18 16:29:00 INFO  o.s.web.servlet.DispatcherServlet - Initializing Servlet 'dispatcherServlet'
2024-05-18 16:29:00 INFO  o.s.web.servlet.DispatcherServlet - Completed initialization in 1 ms
2024-05-18 16:29:01 ERROR c.t.exception.GlobalExceptionHandler - org.apache.catalina.connector.ClientAbortException: java.io.IOException: Kurulan bir bağlantı, ana makinenizdeki yazılım tarafından iptal edildi
2024-05-18 16:31:13 INFO  com.tobeto.service.ProductService - Product deleted: deneme by user: nazli@stokwise.com
2024-05-18 16:32:18 INFO  com.tobeto.service.ProductService - Product added: test-1 by user: nazli@stokwise.com
2024-05-18 16:32:37 INFO  com.tobeto.service.ProductService - Product updated: test-2 by user: nazli@stokwise.com
2024-05-18 16:33:22 INFO  com.tobeto.service.ProductService - Product deleted: test-2 by user: nazli@stokwise.com
2024-05-18 16:34:06 INFO  com.tobeto.service.ProductService - Product deleted: test-1 by user: nazli@stokwise.com
2024-05-18 16:35:16 INFO  o.s.b.d.a.LocalDevToolsAutoConfiguration$RestartingClassPathChangeChangedEventListener - Restarting due to 1 class path change (0 additions, 0 deletions, 1 modification)
2024-05-18 16:35:16 INFO  o.a.coyote.http11.Http11NioProtocol - Stopping ProtocolHandler ["http-nio-8080"]
2024-05-18 16:35:16 INFO  o.s.o.j.LocalContainerEntityManagerFactoryBean - Closing JPA EntityManagerFactory for persistence unit 'default'
2024-05-18 16:35:16 INFO  com.zaxxer.hikari.HikariDataSource - HikariPool-1 - Shutdown initiated...
2024-05-18 16:35:16 INFO  com.zaxxer.hikari.HikariDataSource - HikariPool-1 - Shutdown completed.
2024-05-18 16:35:16 INFO  c.tobeto.StokwiseBackendApplication - Starting StokwiseBackendApplication using Java 17.0.9 with PID 12620 (C:\Users\oguzh\AppData\Roaming\SPB_Data\git\stokwise-backend-v2\stokwise-backend\target\classes started by oguzh in C:\Users\oguzh\AppData\Roaming\SPB_Data\git\stokwise-backend-v2\stokwise-backend)
2024-05-18 16:35:16 INFO  c.tobeto.StokwiseBackendApplication - No active profile set, falling back to 1 default profile: "default"
2024-05-18 16:35:17 INFO  o.s.d.r.c.RepositoryConfigurationDelegate - Bootstrapping Spring Data JPA repositories in DEFAULT mode.
2024-05-18 16:35:17 INFO  o.s.d.r.c.RepositoryConfigurationDelegate - Finished Spring Data repository scanning in 18 ms. Found 6 JPA repository interfaces.
2024-05-18 16:35:17 INFO  o.s.b.w.e.tomcat.TomcatWebServer - Tomcat initialized with port 8080 (http)
2024-05-18 16:35:17 INFO  o.a.coyote.http11.Http11NioProtocol - Initializing ProtocolHandler ["http-nio-8080"]
2024-05-18 16:35:17 INFO  o.a.catalina.core.StandardService - Starting service [Tomcat]
2024-05-18 16:35:17 INFO  o.a.catalina.core.StandardEngine - Starting Servlet engine: [Apache Tomcat/10.1.19]
2024-05-18 16:35:17 INFO  o.a.c.c.C.[Tomcat].[localhost].[/] - Initializing Spring embedded WebApplicationContext
2024-05-18 16:35:17 INFO  o.s.b.w.s.c.ServletWebServerApplicationContext - Root WebApplicationContext: initialization completed in 328 ms
2024-05-18 16:35:17 INFO  o.h.jpa.internal.util.LogHelper - HHH000204: Processing PersistenceUnitInfo [name: default]
2024-05-18 16:35:17 INFO  o.h.c.i.RegionFactoryInitiator - HHH000026: Second-level cache disabled
2024-05-18 16:35:17 INFO  o.s.o.j.p.SpringPersistenceUnitInfo - No LoadTimeWeaver setup: ignoring JPA class transformer
2024-05-18 16:35:17 INFO  com.zaxxer.hikari.HikariDataSource - HikariPool-2 - Starting...
2024-05-18 16:35:17 INFO  com.zaxxer.hikari.pool.HikariPool - HikariPool-2 - Added connection com.mysql.cj.jdbc.ConnectionImpl@5e68fb77
2024-05-18 16:35:17 INFO  com.zaxxer.hikari.HikariDataSource - HikariPool-2 - Start completed.
2024-05-18 16:35:17 WARN  org.hibernate.orm.deprecation - HHH90000025: MySQLDialect does not need to be specified explicitly using 'hibernate.dialect' (remove the property setting and it will be selected by default)
2024-05-18 16:35:17 INFO  o.h.e.t.j.p.i.JtaPlatformInitiator - HHH000489: No JTA platform available (set 'hibernate.transaction.jta.platform' to enable JTA platform integration)
2024-05-18 16:35:17 INFO  o.s.o.j.LocalContainerEntityManagerFactoryBean - Initialized JPA EntityManagerFactory for persistence unit 'default'
2024-05-18 16:35:17 WARN  o.s.b.a.o.j.JpaBaseConfiguration$JpaWebConfiguration - spring.jpa.open-in-view is enabled by default. Therefore, database queries may be performed during view rendering. Explicitly configure spring.jpa.open-in-view to disable this warning
2024-05-18 16:35:17 WARN  o.s.b.a.s.s.UserDetailsServiceAutoConfiguration - 

Using generated security password: 0e55db04-c776-47f7-bb0e-9a2658f9a062

This generated password is for development use only. Your security configuration must be updated before running your application in production.

2024-05-18 16:35:17 INFO  o.s.s.web.DefaultSecurityFilterChain - Will secure any request with [org.springframework.security.web.session.DisableEncodeUrlFilter@471d96be, org.springframework.security.web.context.request.async.WebAsyncManagerIntegrationFilter@78b27ead, org.springframework.security.web.context.SecurityContextHolderFilter@1b897e0d, org.springframework.security.web.header.HeaderWriterFilter@76070bfe, org.springframework.web.filter.CorsFilter@3a0dccd0, org.springframework.security.web.authentication.logout.LogoutFilter@1894e090, com.tobeto.filter.JwtAuthorizationFilter@5f37b520, org.springframework.security.web.savedrequest.RequestCacheAwareFilter@51596df4, org.springframework.security.web.servletapi.SecurityContextHolderAwareRequestFilter@1fcfc4da, org.springframework.security.web.authentication.AnonymousAuthenticationFilter@5ef037c6, org.springframework.security.web.session.SessionManagementFilter@4ac3bcdb, org.springframework.security.web.access.ExceptionTranslationFilter@1e4a9a02, org.springframework.security.web.access.intercept.AuthorizationFilter@6330f532]
2024-05-18 16:35:17 INFO  o.s.b.d.a.OptionalLiveReloadServer - LiveReload server is running on port 35729
2024-05-18 16:35:17 INFO  o.a.coyote.http11.Http11NioProtocol - Starting ProtocolHandler ["http-nio-8080"]
2024-05-18 16:35:17 INFO  o.s.b.w.e.tomcat.TomcatWebServer - Tomcat started on port 8080 (http) with context path ''
2024-05-18 16:35:17 INFO  c.tobeto.StokwiseBackendApplication - Started StokwiseBackendApplication in 0.859 seconds (process running for 386.649)
2024-05-18 16:35:17 INFO  o.s.b.d.a.ConditionEvaluationDeltaLoggingListener - Condition evaluation unchanged
2024-05-18 16:35:35 INFO  o.a.c.c.C.[Tomcat].[localhost].[/] - Initializing Spring DispatcherServlet 'dispatcherServlet'
2024-05-18 16:35:35 INFO  o.s.web.servlet.DispatcherServlet - Initializing Servlet 'dispatcherServlet'
2024-05-18 16:35:35 INFO  o.s.web.servlet.DispatcherServlet - Completed initialization in 0 ms
2024-05-18 16:36:27 WARN  o.h.e.jdbc.spi.SqlExceptionHelper - SQL Error: 1062, SQLState: 23000
2024-05-18 16:36:27 ERROR o.h.e.jdbc.spi.SqlExceptionHelper - Duplicate entry 'omer@stokwise.com' for key 'user.UK_ob8kqyqqgmefl0aco34akdtpe'
2024-05-18 16:36:27 ERROR c.t.exception.GlobalExceptionHandler - org.springframework.dao.DataIntegrityViolationException: could not execute statement [Duplicate entry 'omer@stokwise.com' for key 'user.UK_ob8kqyqqgmefl0aco34akdtpe'] [insert into user (deleted_at,email,is_deleted,password,id) values (?,?,?,?,?)]; SQL [insert into user (deleted_at,email,is_deleted,password,id) values (?,?,?,?,?)]; constraint [user.UK_ob8kqyqqgmefl0aco34akdtpe]
2024-05-18 16:36:27 WARN  o.s.w.s.m.m.a.ExceptionHandlerExceptionResolver - Resolved [org.springframework.dao.DataIntegrityViolationException: could not execute statement [Duplicate entry 'omer@stokwise.com' for key 'user.UK_ob8kqyqqgmefl0aco34akdtpe'] [insert into user (deleted_at,email,is_deleted,password,id) values (?,?,?,?,?)]; SQL [insert into user (deleted_at,email,is_deleted,password,id) values (?,?,?,?,?)]; constraint [user.UK_ob8kqyqqgmefl0aco34akdtpe]]
2024-05-18 16:36:30 WARN  o.h.e.jdbc.spi.SqlExceptionHelper - SQL Error: 1062, SQLState: 23000
2024-05-18 16:36:30 ERROR o.h.e.jdbc.spi.SqlExceptionHelper - Duplicate entry 'omer@stokwise.com' for key 'user.UK_ob8kqyqqgmefl0aco34akdtpe'
2024-05-18 16:36:30 ERROR c.t.exception.GlobalExceptionHandler - org.springframework.dao.DataIntegrityViolationException: could not execute statement [Duplicate entry 'omer@stokwise.com' for key 'user.UK_ob8kqyqqgmefl0aco34akdtpe'] [insert into user (deleted_at,email,is_deleted,password,id) values (?,?,?,?,?)]; SQL [insert into user (deleted_at,email,is_deleted,password,id) values (?,?,?,?,?)]; constraint [user.UK_ob8kqyqqgmefl0aco34akdtpe]
2024-05-18 16:36:30 WARN  o.s.w.s.m.m.a.ExceptionHandlerExceptionResolver - Resolved [org.springframework.dao.DataIntegrityViolationException: could not execute statement [Duplicate entry 'omer@stokwise.com' for key 'user.UK_ob8kqyqqgmefl0aco34akdtpe'] [insert into user (deleted_at,email,is_deleted,password,id) values (?,?,?,?,?)]; SQL [insert into user (deleted_at,email,is_deleted,password,id) values (?,?,?,?,?)]; constraint [user.UK_ob8kqyqqgmefl0aco34akdtpe]]
2024-05-18 16:36:58 INFO  com.tobeto.service.UserService - User created: omerr@stokwise.com
2024-05-18 16:37:22 INFO  com.tobeto.service.UserService - User deleted: omerr@stokwise.com
2024-05-18 16:42:28 INFO  o.s.b.d.a.LocalDevToolsAutoConfiguration$RestartingClassPathChangeChangedEventListener - Restarting due to 1 class path change (0 additions, 0 deletions, 1 modification)
2024-05-18 16:42:28 INFO  o.a.coyote.http11.Http11NioProtocol - Stopping ProtocolHandler ["http-nio-8080"]
2024-05-18 16:42:28 INFO  o.s.o.j.LocalContainerEntityManagerFactoryBean - Closing JPA EntityManagerFactory for persistence unit 'default'
2024-05-18 16:42:28 INFO  com.zaxxer.hikari.HikariDataSource - HikariPool-2 - Shutdown initiated...
2024-05-18 16:42:28 INFO  com.zaxxer.hikari.HikariDataSource - HikariPool-2 - Shutdown completed.
2024-05-18 16:42:28 INFO  c.tobeto.StokwiseBackendApplication - Starting StokwiseBackendApplication using Java 17.0.9 with PID 12620 (C:\Users\oguzh\AppData\Roaming\SPB_Data\git\stokwise-backend-v2\stokwise-backend\target\classes started by oguzh in C:\Users\oguzh\AppData\Roaming\SPB_Data\git\stokwise-backend-v2\stokwise-backend)
2024-05-18 16:42:28 DEBUG c.tobeto.StokwiseBackendApplication - Running with Spring Boot v3.2.3, Spring v6.1.4
2024-05-18 16:42:28 INFO  c.tobeto.StokwiseBackendApplication - No active profile set, falling back to 1 default profile: "default"
2024-05-18 16:42:28 DEBUG c.t.filter.JwtAuthorizationFilter - Filter 'jwtAuthorizationFilter' configured for use
2024-05-18 16:42:29 INFO  c.tobeto.StokwiseBackendApplication - Started StokwiseBackendApplication in 0.73 seconds (process running for 818.024)
2024-05-18 16:42:40 INFO  c.tobeto.StokwiseBackendApplication - Starting StokwiseBackendApplication using Java 17.0.9 with PID 16508 (C:\Users\oguzh\AppData\Roaming\SPB_Data\git\stokwise-backend-v2\stokwise-backend\target\classes started by oguzh in C:\Users\oguzh\AppData\Roaming\SPB_Data\git\stokwise-backend-v2\stokwise-backend)
2024-05-18 16:42:40 DEBUG c.tobeto.StokwiseBackendApplication - Running with Spring Boot v3.2.3, Spring v6.1.4
2024-05-18 16:42:40 INFO  c.tobeto.StokwiseBackendApplication - No active profile set, falling back to 1 default profile: "default"
2024-05-18 16:42:41 DEBUG c.t.filter.JwtAuthorizationFilter - Filter 'jwtAuthorizationFilter' configured for use
2024-05-18 16:42:43 INFO  c.tobeto.StokwiseBackendApplication - Started StokwiseBackendApplication in 4.258 seconds (process running for 4.809)
2024-05-18 16:42:55 ERROR c.t.exception.GlobalExceptionHandler - org.apache.catalina.connector.ClientAbortException: java.io.IOException: Kurulan bir bağlantı, ana makinenizdeki yazılım tarafından iptal edildi
2024-05-18 16:42:55 ERROR c.t.exception.GlobalExceptionHandler - org.apache.catalina.connector.ClientAbortException: java.io.IOException: Kurulan bir bağlantı, ana makinenizdeki yazılım tarafından iptal edildi
2024-05-18 16:43:20 INFO  com.tobeto.service.ProductService - Product added: test-1 by user: oguzhan@stokwise.com
2024-05-18 16:49:03 INFO  com.tobeto.service.ProductService - Product added: test-2 by user: oguzhan@stokwise.com
2024-05-18 16:50:11 INFO  com.tobeto.service.ProductService - Product deleted: test-1 by user: nazli@stokwise.com
2024-05-18 16:50:55 INFO  com.tobeto.service.ProductService - Product deleted: test-2 by user: nazli@stokwise.com
2024-05-18 17:01:49 INFO  com.tobeto.service.UserService - User created: omerrr@stokwise.com
2024-05-18 17:02:23 INFO  com.tobeto.service.UserService - User deleted: omerrr@stokwise.com by user: oguzhan@stokwise.com
2024-05-18 17:07:48 INFO  com.tobeto.service.UserService - User created: omerrrr@stokwise.com by user: oguzhan@stokwise.com
2024-05-18 17:08:13 INFO  com.tobeto.service.UserService - User updated: omerrrr@stokwise.com by user: oguzhan@stokwise.com
2024-05-18 17:08:44 INFO  com.tobeto.service.UserService - User deleted: omerrrr@stokwise.com by user: emir@stokwise.com
2024-05-18 17:20:38 INFO  com.tobeto.service.UserService - User created: oomer@stokwise.com by user: emir@stokwise.com
2024-05-18 19:53:36 INFO  com.tobeto.service.UserService - User updated: muslum@stokwise.com by user: oguzhan@stokwise.com
2024-05-18 20:41:20 INFO  com.tobeto.service.UserService - User updated: muslum@stokwise.com by user: oguzhan@stokwise.com
2024-05-18 20:42:06 INFO  com.tobeto.service.UserService - User updated: muslum@stokwise.com by user: oguzhan@stokwise.com
2024-05-18 20:45:30 INFO  com.tobeto.service.UserService - User updated: muslum@stokwise.com by user: oguzhan@stokwise.com
2024-05-18 20:45:45 INFO  com.tobeto.service.UserService - User updated: muslum@stokwise.com by user: oguzhan@stokwise.com
2024-05-18 20:47:34 INFO  com.tobeto.service.UserService - User updated: elif@stokwise.com by user: oguzhan@stokwise.com
